<?xml version="1.0" encoding="UTF-8"?>
<!-- Generated by org.testng.reporters.JUnitXMLReporter -->
<testsuite ignored="1" hostname="01HW2009419" failures="0" tests="2" name="Lookup - Administartion" time="84.507" errors="0" timestamp="2023-08-11T09:26:39 IST">
  <testcase classname="com.MTS.test.LookUpAdministrationTestClass" name="MTS_LookUpAdministration_001" time="51.839"/>
  <testcase classname="com.MTS.test.LookUpAdministrationTestClass" name="MTS_LookUpAdministration_003_ViewSelectedLookupTypeScreen" time="24.787"/>
  <testcase classname="com.MTS.test.LookUpAdministrationTestClass" name="MTS_LookUpAdministration_002_Add_Edit_Deactivate_Activate" time="0.0">
    <ignored/>
  </testcase> <!-- MTS_LookUpAdministration_002_Add_Edit_Deactivate_Activate -->
</testsuite> <!-- Lookup - Administartion -->
