<?xml version="1.0" encoding="UTF-8"?>
<!-- Generated by org.testng.reporters.JUnitXMLReporter -->
<testsuite ignored="3" hostname="01HW2009419" failures="0" tests="2" name="Lookup - Material Type" time="66.025" errors="0" timestamp="2023-08-11T09:26:21 IST">
  <testcase classname="com.MTS.test.LookUpMaterialTypeTestClass" name="MTS_MaterialType_001" time="51.4"/>
  <testcase classname="com.MTS.test.LookUpMaterialTypeTestClass" name="MTS_MaterialType_005_SearchMaterialType" time="6.743"/>
  <testcase classname="com.MTS.test.LookUpMaterialTypeTestClass" name="MTS_MaterialType_004_Deactivate_Activate" time="0.0">
    <ignored/>
  </testcase> <!-- MTS_MaterialType_004_Deactivate_Activate -->
  <testcase classname="com.MTS.test.LookUpMaterialTypeTestClass" name="MTS_MaterialType_002_AddNewMaterialType" time="0.0">
    <ignored/>
  </testcase> <!-- MTS_MaterialType_002_AddNewMaterialType -->
  <testcase classname="com.MTS.test.LookUpMaterialTypeTestClass" name="MTS_MaterialType_003_EditMaterialType" time="0.0">
    <ignored/>
  </testcase> <!-- MTS_MaterialType_003_EditMaterialType -->
</testsuite> <!-- Lookup - Material Type -->
