<?xml version="1.0" encoding="UTF-8"?>
<!-- Generated by org.testng.reporters.JUnitXMLReporter -->
<testsuite ignored="1" hostname="01HW2009419" failures="0" tests="9" name="Master Development" time="945.596" errors="0" timestamp="2023-08-11T09:41:00 IST">
  <testcase classname="com.MTS.test.MasterDevelopmentTestClass" name="MTS_MasterDevelopment_001" time="35.225"/>
  <testcase classname="com.MTS.test.MasterDevelopmentTestClass" name="MTS_MasterDevelopment_002" time="17.408"/>
  <testcase classname="com.MTS.test.MasterDevelopmentTestClass" name="MTS_MasterDevelopment_003_Search" time="19.123"/>
  <testcase classname="com.MTS.test.MasterDevelopmentTestClass" name="MTS_MasterDevelopment_004_AdvancedSearch" time="66.422"/>
  <testcase classname="com.MTS.test.MasterDevelopmentTestClass" name="MTS_MasterDevelopment_006_Initiated" time="147.27"/>
  <testcase classname="com.MTS.test.MasterDevelopmentTestClass" name="MTS_MasterDevelopment_007_Completed" time="156.795"/>
  <testcase classname="com.MTS.test.MasterDevelopmentTestClass" name="MTS_MasterDevelopment_008_Conditional" time="155.649"/>
  <testcase classname="com.MTS.test.MasterDevelopmentTestClass" name="MTS_MasterDevelopment_009_Rejected" time="151.433"/>
  <testcase classname="com.MTS.test.MasterDevelopmentTestClass" name="MTS_MasterDevelopment_010_Rescinded" time="188.226"/>
  <testcase classname="com.MTS.test.MasterDevelopmentTestClass" name="MTS_MasterDevelopment_005_CreateSASF" time="0.0">
    <ignored/>
  </testcase> <!-- MTS_MasterDevelopment_005_CreateSASF -->
</testsuite> <!-- Master Development -->
