<?xml version="1.0" encoding="UTF-8"?>
<!-- Generated by org.testng.reporters.JUnitXMLReporter -->
<testsuite ignored="2" hostname="01HW2009419" failures="0" tests="3" name="Supplier Management" time="98.16" errors="0" timestamp="2023-08-11T09:26:53 IST">
  <testcase classname="com.MTS.test.SupplierManagementTestClass" name="MTS_SupplierManagement_001" time="52.444"/>
  <testcase classname="com.MTS.test.SupplierManagementTestClass" name="MTS_SupplierManagement_004_Edit_Deactivate_Activate" time="31.531"/>
  <testcase classname="com.MTS.test.SupplierManagementTestClass" name="MTS_SupplierManagement_005_Search" time="6.229"/>
  <testcase classname="com.MTS.test.SupplierManagementTestClass" name="MTS_SupplierManagement_002_AddNewSupplier" time="0.0">
    <ignored/>
  </testcase> <!-- MTS_SupplierManagement_002_AddNewSupplier -->
  <testcase classname="com.MTS.test.SupplierManagementTestClass" name="MTS_SupplierManagement_003_Activate_Deactivate" time="0.0">
    <ignored/>
  </testcase> <!-- MTS_SupplierManagement_003_Activate_Deactivate -->
</testsuite> <!-- Supplier Management -->
